<?xml version="1.0" encoding="UTF-8"?>
<!-- Generated by org.testng.reporters.JUnitReportReporter -->
<testsuite hostname="DESKTOP-3UHEI5G" failures="0" tests="1" name="day8.TestNGBasics.Example1" time="4.718" errors="0" timestamp="2024-10-24T10:09:52 IST" skipped="0">
  <testcase classname="day8.TestNGBasics.Example1" name="testGoogle" time="4.718"/>
</testsuite> <!-- day8.TestNGBasics.Example1 -->
