<?xml version="1.0" encoding="UTF-8"?>
<!-- Generated by org.testng.reporters.JUnitReportReporter -->
<testsuite hostname="DESKTOP-3UHEI5G" failures="0" tests="1" name="day8.TestNGBasics.OrangeHRM" time="7.123" errors="0" timestamp="2024-10-24T10:21:45 IST" skipped="0">
  <testcase classname="day8.TestNGBasics.OrangeHRM" name="f" time="7.123"/>
</testsuite> <!-- day8.TestNGBasics.OrangeHRM -->
