<?xml version="1.0" encoding="UTF-8"?>
<!-- Generated by org.testng.reporters.JUnitReportReporter -->
<testsuite hostname="DESKTOP-3UHEI5G" failures="0" tests="1" name="day8.TestNGBasics.OrangeHRMTestNG" time="25.458" errors="0" timestamp="2024-10-24T13:57:11 IST" skipped="0">
  <testcase classname="day8.TestNGBasics.OrangeHRMTestNG" name="OrangeHRMLoginpagewithAssert" time="25.458"/>
</testsuite> <!-- day8.TestNGBasics.OrangeHRMTestNG -->
