<?xml version="1.0" encoding="UTF-8"?>
<!-- Generated by org.testng.reporters.JUnitReportReporter -->
<testsuite hostname="DESKTOP-3UHEI5G" failures="0" tests="2" name="tests.NewTest" time="20.887" errors="0" timestamp="2025-04-17T16:43:41 IST" skipped="0">
  <testcase classname="tests.NewTest" name="f" time="10.725"/>
  <testcase classname="tests.NewTest" name="login" time="10.162"/>
</testsuite> <!-- tests.NewTest -->
