<?xml version="1.0" encoding="UTF-8"?>
<!-- Generated by org.testng.reporters.JUnitReportReporter -->
<testsuite hostname="DESKTOP-3UHEI5G" failures="0" tests="1" name="Nadsofttest.NewTest" time="7.550" errors="0" timestamp="2025-04-10T11:38:56 IST" skipped="0">
  <testcase classname="Nadsofttest.NewTest" name="f" time="7.550"/>
</testsuite> <!-- Nadsofttest.NewTest -->
